<?xml version="1.0" encoding="UTF-8"?>
<testng-results total="1" passed="1" failed="0" skipped="0">
  <reporter-output>
  </reporter-output>
  <suite started-at="2021-03-04T16:57:13Z" name="Default suite" finished-at="2021-03-04T16:57:16Z" duration-ms="2507">
    <groups>
    </groups>
    <test started-at="2021-03-04T16:57:13Z" name="Default test" finished-at="2021-03-04T16:57:16Z" duration-ms="2507">
      <class name="SerDeser.POST_JSON">
        <test-method signature="postRequest()[pri:0, instance:SerDeser.POST_JSON@15bb6bea]" started-at="2021-03-04T10:57:14Z" name="postRequest" finished-at="2021-03-04T10:57:16Z" duration-ms="2484" status="PASS">
          <reporter-output>
          </reporter-output>
        </test-method> <!-- postRequest -->
      </class> <!-- SerDeser.POST_JSON -->
    </test> <!-- Default test -->
  </suite> <!-- Default suite -->
</testng-results>
